<?xml version="1.0" encoding="UTF-8"?>
<!-- Generated by org.testng.reporters.JUnitReportReporter -->
<testsuite hostname="HpMain-PC1" failures="0" tests="1" name="com.autoframework.testCases.TC_LoginTest_001" time="1.587" errors="0" timestamp="18 Jan 2021 02:18:55 GMT" skipped="0">
  <testcase classname="com.autoframework.testCases.TC_LoginTest_001" name="loginTest" time="1.587"/>
</testsuite> <!-- com.autoframework.testCases.TC_LoginTest_001 -->
